<?xml version="1.0" encoding="UTF-8"?>
<testsuite xmlns:xsi="http://www.w3.org/2001/XMLSchema-instance" xsi:noNamespaceSchemaLocation="https://maven.apache.org/surefire/maven-surefire-plugin/xsd/surefire-test-report.xsd" name="com.tekpro.crud.CrudApplicationTests" time="2.565" tests="1" errors="0" skipped="0" failures="0">
  <properties>
    <property name="sun.desktop" value="windows"/>
    <property name="awt.toolkit" value="sun.awt.windows.WToolkit"/>
    <property name="java.specification.version" value="11"/>
    <property name="sun.cpu.isalist" value="amd64"/>
    <property name="sun.jnu.encoding" value="Cp1252"/>
    <property name="java.class.path" value="D:\documents\polban\sem 2\tugas tekpro\praktik\week 10\crud\target\test-classes;D:\documents\polban\sem 2\tugas tekpro\praktik\week 10\crud\target\classes;C:\Users\user\.m2\repository\org\springframework\boot\spring-boot-starter\2.6.6\spring-boot-starter-2.6.6.jar;C:\Users\user\.m2\repository\org\springframework\boot\spring-boot\2.6.6\spring-boot-2.6.6.jar;C:\Users\user\.m2\repository\org\springframework\spring-context\5.3.18\spring-context-5.3.18.jar;C:\Users\user\.m2\repository\org\springframework\boot\spring-boot-autoconfigure\2.6.6\spring-boot-autoconfigure-2.6.6.jar;C:\Users\user\.m2\repository\org\springframework\boot\spring-boot-starter-logging\2.6.6\spring-boot-starter-logging-2.6.6.jar;C:\Users\user\.m2\repository\ch\qos\logback\logback-classic\1.2.11\logback-classic-1.2.11.jar;C:\Users\user\.m2\repository\ch\qos\logback\logback-core\1.2.11\logback-core-1.2.11.jar;C:\Users\user\.m2\repository\org\apache\logging\log4j\log4j-to-slf4j\2.17.2\log4j-to-slf4j-2.17.2.jar;C:\Users\user\.m2\repository\org\apache\logging\log4j\log4j-api\2.17.2\log4j-api-2.17.2.jar;C:\Users\user\.m2\repository\org\slf4j\jul-to-slf4j\1.7.36\jul-to-slf4j-1.7.36.jar;C:\Users\user\.m2\repository\jakarta\annotation\jakarta.annotation-api\1.3.5\jakarta.annotation-api-1.3.5.jar;C:\Users\user\.m2\repository\org\springframework\spring-core\5.3.18\spring-core-5.3.18.jar;C:\Users\user\.m2\repository\org\springframework\spring-jcl\5.3.18\spring-jcl-5.3.18.jar;C:\Users\user\.m2\repository\org\yaml\snakeyaml\1.29\snakeyaml-1.29.jar;C:\Users\user\.m2\repository\org\springframework\boot\spring-boot-starter-test\2.6.6\spring-boot-starter-test-2.6.6.jar;C:\Users\user\.m2\repository\org\springframework\boot\spring-boot-test\2.6.6\spring-boot-test-2.6.6.jar;C:\Users\user\.m2\repository\org\springframework\boot\spring-boot-test-autoconfigure\2.6.6\spring-boot-test-autoconfigure-2.6.6.jar;C:\Users\user\.m2\repository\com\jayway\jsonpath\json-path\2.6.0\json-path-2.6.0.jar;C:\Users\user\.m2\repository\net\minidev\json-smart\2.4.8\json-smart-2.4.8.jar;C:\Users\user\.m2\repository\net\minidev\accessors-smart\2.4.8\accessors-smart-2.4.8.jar;C:\Users\user\.m2\repository\org\ow2\asm\asm\9.1\asm-9.1.jar;C:\Users\user\.m2\repository\jakarta\xml\bind\jakarta.xml.bind-api\2.3.3\jakarta.xml.bind-api-2.3.3.jar;C:\Users\user\.m2\repository\jakarta\activation\jakarta.activation-api\1.2.2\jakarta.activation-api-1.2.2.jar;C:\Users\user\.m2\repository\org\assertj\assertj-core\3.21.0\assertj-core-3.21.0.jar;C:\Users\user\.m2\repository\org\hamcrest\hamcrest\2.2\hamcrest-2.2.jar;C:\Users\user\.m2\repository\org\junit\jupiter\junit-jupiter\5.8.2\junit-jupiter-5.8.2.jar;C:\Users\user\.m2\repository\org\junit\jupiter\junit-jupiter-api\5.8.2\junit-jupiter-api-5.8.2.jar;C:\Users\user\.m2\repository\org\opentest4j\opentest4j\1.2.0\opentest4j-1.2.0.jar;C:\Users\user\.m2\repository\org\junit\platform\junit-platform-commons\1.8.2\junit-platform-commons-1.8.2.jar;C:\Users\user\.m2\repository\org\apiguardian\apiguardian-api\1.1.2\apiguardian-api-1.1.2.jar;C:\Users\user\.m2\repository\org\junit\jupiter\junit-jupiter-params\5.8.2\junit-jupiter-params-5.8.2.jar;C:\Users\user\.m2\repository\org\junit\jupiter\junit-jupiter-engine\5.8.2\junit-jupiter-engine-5.8.2.jar;C:\Users\user\.m2\repository\org\junit\platform\junit-platform-engine\1.8.2\junit-platform-engine-1.8.2.jar;C:\Users\user\.m2\repository\org\mockito\mockito-core\4.0.0\mockito-core-4.0.0.jar;C:\Users\user\.m2\repository\net\bytebuddy\byte-buddy\1.11.22\byte-buddy-1.11.22.jar;C:\Users\user\.m2\repository\net\bytebuddy\byte-buddy-agent\1.11.22\byte-buddy-agent-1.11.22.jar;C:\Users\user\.m2\repository\org\objenesis\objenesis\3.2\objenesis-3.2.jar;C:\Users\user\.m2\repository\org\mockito\mockito-junit-jupiter\4.0.0\mockito-junit-jupiter-4.0.0.jar;C:\Users\user\.m2\repository\org\skyscreamer\jsonassert\1.5.0\jsonassert-1.5.0.jar;C:\Users\user\.m2\repository\com\vaadin\external\google\android-json\0.0.20131108.vaadin1\android-json-0.0.20131108.vaadin1.jar;C:\Users\user\.m2\repository\org\springframework\spring-test\5.3.18\spring-test-5.3.18.jar;C:\Users\user\.m2\repository\org\xmlunit\xmlunit-core\2.8.4\xmlunit-core-2.8.4.jar;C:\Users\user\.m2\repository\org\springframework\boot\spring-boot-starter-data-rest\2.6.6\spring-boot-starter-data-rest-2.6.6.jar;C:\Users\user\.m2\repository\org\springframework\data\spring-data-rest-webmvc\3.6.3\spring-data-rest-webmvc-3.6.3.jar;C:\Users\user\.m2\repository\org\springframework\data\spring-data-rest-core\3.6.3\spring-data-rest-core-3.6.3.jar;C:\Users\user\.m2\repository\org\springframework\spring-tx\5.3.18\spring-tx-5.3.18.jar;C:\Users\user\.m2\repository\org\springframework\hateoas\spring-hateoas\1.4.1\spring-hateoas-1.4.1.jar;C:\Users\user\.m2\repository\org\springframework\data\spring-data-commons\2.6.3\spring-data-commons-2.6.3.jar;C:\Users\user\.m2\repository\org\springframework\plugin\spring-plugin-core\2.0.0.RELEASE\spring-plugin-core-2.0.0.RELEASE.jar;C:\Users\user\.m2\repository\org\atteo\evo-inflector\1.3\evo-inflector-1.3.jar;C:\Users\user\.m2\repository\com\fasterxml\jackson\core\jackson-databind\2.13.2.2\jackson-databind-2.13.2.2.jar;C:\Users\user\.m2\repository\com\fasterxml\jackson\core\jackson-annotations\2.13.2\jackson-annotations-2.13.2.jar;C:\Users\user\.m2\repository\org\springframework\boot\spring-boot-starter-web\2.6.6\spring-boot-starter-web-2.6.6.jar;C:\Users\user\.m2\repository\org\springframework\boot\spring-boot-starter-json\2.6.6\spring-boot-starter-json-2.6.6.jar;C:\Users\user\.m2\repository\com\fasterxml\jackson\datatype\jackson-datatype-jdk8\2.13.2\jackson-datatype-jdk8-2.13.2.jar;C:\Users\user\.m2\repository\com\fasterxml\jackson\datatype\jackson-datatype-jsr310\2.13.2\jackson-datatype-jsr310-2.13.2.jar;C:\Users\user\.m2\repository\com\fasterxml\jackson\module\jackson-module-parameter-names\2.13.2\jackson-module-parameter-names-2.13.2.jar;C:\Users\user\.m2\repository\org\springframework\boot\spring-boot-starter-tomcat\2.6.6\spring-boot-starter-tomcat-2.6.6.jar;C:\Users\user\.m2\repository\org\apache\tomcat\embed\tomcat-embed-core\9.0.60\tomcat-embed-core-9.0.60.jar;C:\Users\user\.m2\repository\org\apache\tomcat\embed\tomcat-embed-el\9.0.60\tomcat-embed-el-9.0.60.jar;C:\Users\user\.m2\repository\org\apache\tomcat\embed\tomcat-embed-websocket\9.0.60\tomcat-embed-websocket-9.0.60.jar;C:\Users\user\.m2\repository\org\springframework\spring-web\5.3.18\spring-web-5.3.18.jar;C:\Users\user\.m2\repository\org\springframework\spring-beans\5.3.18\spring-beans-5.3.18.jar;C:\Users\user\.m2\repository\org\springframework\spring-webmvc\5.3.18\spring-webmvc-5.3.18.jar;C:\Users\user\.m2\repository\org\springframework\spring-aop\5.3.18\spring-aop-5.3.18.jar;C:\Users\user\.m2\repository\org\springframework\spring-expression\5.3.18\spring-expression-5.3.18.jar;C:\Users\user\.m2\repository\javax\persistence\javax.persistence-api\2.2\javax.persistence-api-2.2.jar;C:\Users\user\.m2\repository\com\google\firebase\firebase-admin\8.1.0\firebase-admin-8.1.0.jar;C:\Users\user\.m2\repository\com\google\api-client\google-api-client\1.32.1\google-api-client-1.32.1.jar;C:\Users\user\.m2\repository\com\google\oauth-client\google-oauth-client\1.31.5\google-oauth-client-1.31.5.jar;C:\Users\user\.m2\repository\com\google\http-client\google-http-client-gson\1.39.2\google-http-client-gson-1.39.2.jar;C:\Users\user\.m2\repository\com\google\http-client\google-http-client-apache-v2\1.39.2\google-http-client-apache-v2-1.39.2.jar;C:\Users\user\.m2\repository\org\apache\httpcomponents\httpcore\4.4.15\httpcore-4.4.15.jar;C:\Users\user\.m2\repository\org\apache\httpcomponents\httpclient\4.5.13\httpclient-4.5.13.jar;C:\Users\user\.m2\repository\com\google\api-client\google-api-client-gson\1.32.1\google-api-client-gson-1.32.1.jar;C:\Users\user\.m2\repository\com\google\http-client\google-http-client\1.39.2\google-http-client-1.39.2.jar;C:\Users\user\.m2\repository\com\google\code\findbugs\jsr305\3.0.2\jsr305-3.0.2.jar;C:\Users\user\.m2\repository\com\google\j2objc\j2objc-annotations\1.3\j2objc-annotations-1.3.jar;C:\Users\user\.m2\repository\io\opencensus\opencensus-api\0.28.0\opencensus-api-0.28.0.jar;C:\Users\user\.m2\repository\io\opencensus\opencensus-contrib-http-util\0.28.0\opencensus-contrib-http-util-0.28.0.jar;C:\Users\user\.m2\repository\com\google\api\api-common\1.10.4\api-common-1.10.4.jar;C:\Users\user\.m2\repository\javax\annotation\javax.annotation-api\1.3.2\javax.annotation-api-1.3.2.jar;C:\Users\user\.m2\repository\com\google\auto\value\auto-value-annotations\1.8.1\auto-value-annotations-1.8.1.jar;C:\Users\user\.m2\repository\com\google\auth\google-auth-library-oauth2-http\0.26.0\google-auth-library-oauth2-http-0.26.0.jar;C:\Users\user\.m2\repository\com\google\auth\google-auth-library-credentials\0.26.0\google-auth-library-credentials-0.26.0.jar;C:\Users\user\.m2\repository\com\google\cloud\google-cloud-storage\1.118.0\google-cloud-storage-1.118.0.jar;C:\Users\user\.m2\repository\com\google\guava\failureaccess\1.0.1\failureaccess-1.0.1.jar;C:\Users\user\.m2\repository\com\google\guava\listenablefuture\9999.0-empty-to-avoid-conflict-with-guava\listenablefuture-9999.0-empty-to-avoid-conflict-with-guava.jar;C:\Users\user\.m2\repository\org\checkerframework\checker-compat-qual\2.5.5\checker-compat-qual-2.5.5.jar;C:\Users\user\.m2\repository\com\google\errorprone\error_prone_annotations\2.7.1\error_prone_annotations-2.7.1.jar;C:\Users\user\.m2\repository\com\google\http-client\google-http-client-jackson2\1.39.2\google-http-client-jackson2-1.39.2.jar;C:\Users\user\.m2\repository\com\fasterxml\jackson\core\jackson-core\2.13.2\jackson-core-2.13.2.jar;C:\Users\user\.m2\repository\com\google\apis\google-api-services-storage\v1-rev20210127-1.32.1\google-api-services-storage-v1-rev20210127-1.32.1.jar;C:\Users\user\.m2\repository\com\google\cloud\google-cloud-core\1.95.4\google-cloud-core-1.95.4.jar;C:\Users\user\.m2\repository\com\google\api\grpc\proto-google-common-protos\2.3.2\proto-google-common-protos-2.3.2.jar;C:\Users\user\.m2\repository\com\google\cloud\google-cloud-core-http\1.95.4\google-cloud-core-http-1.95.4.jar;C:\Users\user\.m2\repository\com\google\http-client\google-http-client-appengine\1.39.2\google-http-client-appengine-1.39.2.jar;C:\Users\user\.m2\repository\com\google\api\gax-httpjson\0.83.0\gax-httpjson-0.83.0.jar;C:\Users\user\.m2\repository\com\google\api\gax\1.66.0\gax-1.66.0.jar;C:\Users\user\.m2\repository\io\grpc\grpc-context\1.39.0\grpc-context-1.39.0.jar;C:\Users\user\.m2\repository\com\google\api\grpc\proto-google-iam-v1\1.0.14\proto-google-iam-v1-1.0.14.jar;C:\Users\user\.m2\repository\com\google\protobuf\protobuf-java\3.17.3\protobuf-java-3.17.3.jar;C:\Users\user\.m2\repository\com\google\protobuf\protobuf-java-util\3.17.3\protobuf-java-util-3.17.3.jar;C:\Users\user\.m2\repository\org\threeten\threetenbp\1.5.1\threetenbp-1.5.1.jar;C:\Users\user\.m2\repository\com\google\cloud\google-cloud-firestore\2.6.1\google-cloud-firestore-2.6.1.jar;C:\Users\user\.m2\repository\com\google\cloud\google-cloud-core-grpc\1.95.4\google-cloud-core-grpc-1.95.4.jar;C:\Users\user\.m2\repository\io\grpc\grpc-core\1.39.0\grpc-core-1.39.0.jar;C:\Users\user\.m2\repository\com\google\android\annotations\4.1.1.4\annotations-4.1.1.4.jar;C:\Users\user\.m2\repository\org\codehaus\mojo\animal-sniffer-annotations\1.20\animal-sniffer-annotations-1.20.jar;C:\Users\user\.m2\repository\io\perfmark\perfmark-api\0.23.0\perfmark-api-0.23.0.jar;C:\Users\user\.m2\repository\commons-logging\commons-logging\1.2\commons-logging-1.2.jar;C:\Users\user\.m2\repository\commons-codec\commons-codec\1.15\commons-codec-1.15.jar;C:\Users\user\.m2\repository\com\google\api\grpc\proto-google-cloud-firestore-v1\2.6.1\proto-google-cloud-firestore-v1-2.6.1.jar;C:\Users\user\.m2\repository\com\google\cloud\proto-google-cloud-firestore-bundle-v1\2.6.1\proto-google-cloud-firestore-bundle-v1-2.6.1.jar;C:\Users\user\.m2\repository\io\opencensus\opencensus-contrib-grpc-util\0.28.0\opencensus-contrib-grpc-util-0.28.0.jar;C:\Users\user\.m2\repository\io\grpc\grpc-protobuf\1.39.0\grpc-protobuf-1.39.0.jar;C:\Users\user\.m2\repository\io\grpc\grpc-protobuf-lite\1.39.0\grpc-protobuf-lite-1.39.0.jar;C:\Users\user\.m2\repository\io\grpc\grpc-api\1.39.0\grpc-api-1.39.0.jar;C:\Users\user\.m2\repository\com\google\api\gax-grpc\1.66.0\gax-grpc-1.66.0.jar;C:\Users\user\.m2\repository\io\grpc\grpc-auth\1.39.0\grpc-auth-1.39.0.jar;C:\Users\user\.m2\repository\io\grpc\grpc-netty-shaded\1.39.0\grpc-netty-shaded-1.39.0.jar;C:\Users\user\.m2\repository\io\grpc\grpc-alts\1.39.0\grpc-alts-1.39.0.jar;C:\Users\user\.m2\repository\io\grpc\grpc-grpclb\1.39.0\grpc-grpclb-1.39.0.jar;C:\Users\user\.m2\repository\org\conscrypt\conscrypt-openjdk-uber\2.5.1\conscrypt-openjdk-uber-2.5.1.jar;C:\Users\user\.m2\repository\io\grpc\grpc-stub\1.39.0\grpc-stub-1.39.0.jar;C:\Users\user\.m2\repository\com\google\guava\guava\30.1.1-android\guava-30.1.1-android.jar;C:\Users\user\.m2\repository\org\slf4j\slf4j-api\1.7.36\slf4j-api-1.7.36.jar;C:\Users\user\.m2\repository\io\netty\netty-codec-http\4.1.75.Final\netty-codec-http-4.1.75.Final.jar;C:\Users\user\.m2\repository\io\netty\netty-common\4.1.75.Final\netty-common-4.1.75.Final.jar;C:\Users\user\.m2\repository\io\netty\netty-buffer\4.1.75.Final\netty-buffer-4.1.75.Final.jar;C:\Users\user\.m2\repository\io\netty\netty-codec\4.1.75.Final\netty-codec-4.1.75.Final.jar;C:\Users\user\.m2\repository\io\netty\netty-handler\4.1.75.Final\netty-handler-4.1.75.Final.jar;C:\Users\user\.m2\repository\io\netty\netty-resolver\4.1.75.Final\netty-resolver-4.1.75.Final.jar;C:\Users\user\.m2\repository\io\netty\netty-transport\4.1.75.Final\netty-transport-4.1.75.Final.jar;C:\Users\user\.m2\repository\com\google\code\gson\gson\2.9.0\gson-2.9.0.jar;"/>
    <property name="java.vm.vendor" value="Eclipse Foundation"/>
    <property name="sun.arch.data.model" value="64"/>
    <property name="user.variant" value=""/>
    <property name="java.vendor.url" value="https://adoptium.net/"/>
    <property name="user.timezone" value="Asia/Bangkok"/>
    <property name="java.vm.specification.version" value="11"/>
    <property name="os.name" value="Windows 10"/>
    <property name="user.country" value="US"/>
    <property name="sun.java.launcher" value="SUN_STANDARD"/>
    <property name="sun.boot.library.path" value="C:\Users\user\AppData\Local\Programs\Eclipse Foundation\jdk-11.0.12.7-hotspot\bin"/>
    <property name="sun.java.command" value="C:\Users\user\AppData\Local\Temp\surefire4009043365859051923\surefirebooter2679930198276654227.jar C:\Users\user\AppData\Local\Temp\surefire4009043365859051923 2022-04-23T20-24-09_333-jvmRun1 surefire4287351396495139532tmp surefire_0662650801828298079tmp"/>
    <property name="jdk.debug" value="release"/>
    <property name="surefire.test.class.path" value="D:\documents\polban\sem 2\tugas tekpro\praktik\week 10\crud\target\test-classes;D:\documents\polban\sem 2\tugas tekpro\praktik\week 10\crud\target\classes;C:\Users\user\.m2\repository\org\springframework\boot\spring-boot-starter\2.6.6\spring-boot-starter-2.6.6.jar;C:\Users\user\.m2\repository\org\springframework\boot\spring-boot\2.6.6\spring-boot-2.6.6.jar;C:\Users\user\.m2\repository\org\springframework\spring-context\5.3.18\spring-context-5.3.18.jar;C:\Users\user\.m2\repository\org\springframework\boot\spring-boot-autoconfigure\2.6.6\spring-boot-autoconfigure-2.6.6.jar;C:\Users\user\.m2\repository\org\springframework\boot\spring-boot-starter-logging\2.6.6\spring-boot-starter-logging-2.6.6.jar;C:\Users\user\.m2\repository\ch\qos\logback\logback-classic\1.2.11\logback-classic-1.2.11.jar;C:\Users\user\.m2\repository\ch\qos\logback\logback-core\1.2.11\logback-core-1.2.11.jar;C:\Users\user\.m2\repository\org\apache\logging\log4j\log4j-to-slf4j\2.17.2\log4j-to-slf4j-2.17.2.jar;C:\Users\user\.m2\repository\org\apache\logging\log4j\log4j-api\2.17.2\log4j-api-2.17.2.jar;C:\Users\user\.m2\repository\org\slf4j\jul-to-slf4j\1.7.36\jul-to-slf4j-1.7.36.jar;C:\Users\user\.m2\repository\jakarta\annotation\jakarta.annotation-api\1.3.5\jakarta.annotation-api-1.3.5.jar;C:\Users\user\.m2\repository\org\springframework\spring-core\5.3.18\spring-core-5.3.18.jar;C:\Users\user\.m2\repository\org\springframework\spring-jcl\5.3.18\spring-jcl-5.3.18.jar;C:\Users\user\.m2\repository\org\yaml\snakeyaml\1.29\snakeyaml-1.29.jar;C:\Users\user\.m2\repository\org\springframework\boot\spring-boot-starter-test\2.6.6\spring-boot-starter-test-2.6.6.jar;C:\Users\user\.m2\repository\org\springframework\boot\spring-boot-test\2.6.6\spring-boot-test-2.6.6.jar;C:\Users\user\.m2\repository\org\springframework\boot\spring-boot-test-autoconfigure\2.6.6\spring-boot-test-autoconfigure-2.6.6.jar;C:\Users\user\.m2\repository\com\jayway\jsonpath\json-path\2.6.0\json-path-2.6.0.jar;C:\Users\user\.m2\repository\net\minidev\json-smart\2.4.8\json-smart-2.4.8.jar;C:\Users\user\.m2\repository\net\minidev\accessors-smart\2.4.8\accessors-smart-2.4.8.jar;C:\Users\user\.m2\repository\org\ow2\asm\asm\9.1\asm-9.1.jar;C:\Users\user\.m2\repository\jakarta\xml\bind\jakarta.xml.bind-api\2.3.3\jakarta.xml.bind-api-2.3.3.jar;C:\Users\user\.m2\repository\jakarta\activation\jakarta.activation-api\1.2.2\jakarta.activation-api-1.2.2.jar;C:\Users\user\.m2\repository\org\assertj\assertj-core\3.21.0\assertj-core-3.21.0.jar;C:\Users\user\.m2\repository\org\hamcrest\hamcrest\2.2\hamcrest-2.2.jar;C:\Users\user\.m2\repository\org\junit\jupiter\junit-jupiter\5.8.2\junit-jupiter-5.8.2.jar;C:\Users\user\.m2\repository\org\junit\jupiter\junit-jupiter-api\5.8.2\junit-jupiter-api-5.8.2.jar;C:\Users\user\.m2\repository\org\opentest4j\opentest4j\1.2.0\opentest4j-1.2.0.jar;C:\Users\user\.m2\repository\org\junit\platform\junit-platform-commons\1.8.2\junit-platform-commons-1.8.2.jar;C:\Users\user\.m2\repository\org\apiguardian\apiguardian-api\1.1.2\apiguardian-api-1.1.2.jar;C:\Users\user\.m2\repository\org\junit\jupiter\junit-jupiter-params\5.8.2\junit-jupiter-params-5.8.2.jar;C:\Users\user\.m2\repository\org\junit\jupiter\junit-jupiter-engine\5.8.2\junit-jupiter-engine-5.8.2.jar;C:\Users\user\.m2\repository\org\junit\platform\junit-platform-engine\1.8.2\junit-platform-engine-1.8.2.jar;C:\Users\user\.m2\repository\org\mockito\mockito-core\4.0.0\mockito-core-4.0.0.jar;C:\Users\user\.m2\repository\net\bytebuddy\byte-buddy\1.11.22\byte-buddy-1.11.22.jar;C:\Users\user\.m2\repository\net\bytebuddy\byte-buddy-agent\1.11.22\byte-buddy-agent-1.11.22.jar;C:\Users\user\.m2\repository\org\objenesis\objenesis\3.2\objenesis-3.2.jar;C:\Users\user\.m2\repository\org\mockito\mockito-junit-jupiter\4.0.0\mockito-junit-jupiter-4.0.0.jar;C:\Users\user\.m2\repository\org\skyscreamer\jsonassert\1.5.0\jsonassert-1.5.0.jar;C:\Users\user\.m2\repository\com\vaadin\external\google\android-json\0.0.20131108.vaadin1\android-json-0.0.20131108.vaadin1.jar;C:\Users\user\.m2\repository\org\springframework\spring-test\5.3.18\spring-test-5.3.18.jar;C:\Users\user\.m2\repository\org\xmlunit\xmlunit-core\2.8.4\xmlunit-core-2.8.4.jar;C:\Users\user\.m2\repository\org\springframework\boot\spring-boot-starter-data-rest\2.6.6\spring-boot-starter-data-rest-2.6.6.jar;C:\Users\user\.m2\repository\org\springframework\data\spring-data-rest-webmvc\3.6.3\spring-data-rest-webmvc-3.6.3.jar;C:\Users\user\.m2\repository\org\springframework\data\spring-data-rest-core\3.6.3\spring-data-rest-core-3.6.3.jar;C:\Users\user\.m2\repository\org\springframework\spring-tx\5.3.18\spring-tx-5.3.18.jar;C:\Users\user\.m2\repository\org\springframework\hateoas\spring-hateoas\1.4.1\spring-hateoas-1.4.1.jar;C:\Users\user\.m2\repository\org\springframework\data\spring-data-commons\2.6.3\spring-data-commons-2.6.3.jar;C:\Users\user\.m2\repository\org\springframework\plugin\spring-plugin-core\2.0.0.RELEASE\spring-plugin-core-2.0.0.RELEASE.jar;C:\Users\user\.m2\repository\org\atteo\evo-inflector\1.3\evo-inflector-1.3.jar;C:\Users\user\.m2\repository\com\fasterxml\jackson\core\jackson-databind\2.13.2.2\jackson-databind-2.13.2.2.jar;C:\Users\user\.m2\repository\com\fasterxml\jackson\core\jackson-annotations\2.13.2\jackson-annotations-2.13.2.jar;C:\Users\user\.m2\repository\org\springframework\boot\spring-boot-starter-web\2.6.6\spring-boot-starter-web-2.6.6.jar;C:\Users\user\.m2\repository\org\springframework\boot\spring-boot-starter-json\2.6.6\spring-boot-starter-json-2.6.6.jar;C:\Users\user\.m2\repository\com\fasterxml\jackson\datatype\jackson-datatype-jdk8\2.13.2\jackson-datatype-jdk8-2.13.2.jar;C:\Users\user\.m2\repository\com\fasterxml\jackson\datatype\jackson-datatype-jsr310\2.13.2\jackson-datatype-jsr310-2.13.2.jar;C:\Users\user\.m2\repository\com\fasterxml\jackson\module\jackson-module-parameter-names\2.13.2\jackson-module-parameter-names-2.13.2.jar;C:\Users\user\.m2\repository\org\springframework\boot\spring-boot-starter-tomcat\2.6.6\spring-boot-starter-tomcat-2.6.6.jar;C:\Users\user\.m2\repository\org\apache\tomcat\embed\tomcat-embed-core\9.0.60\tomcat-embed-core-9.0.60.jar;C:\Users\user\.m2\repository\org\apache\tomcat\embed\tomcat-embed-el\9.0.60\tomcat-embed-el-9.0.60.jar;C:\Users\user\.m2\repository\org\apache\tomcat\embed\tomcat-embed-websocket\9.0.60\tomcat-embed-websocket-9.0.60.jar;C:\Users\user\.m2\repository\org\springframework\spring-web\5.3.18\spring-web-5.3.18.jar;C:\Users\user\.m2\repository\org\springframework\spring-beans\5.3.18\spring-beans-5.3.18.jar;C:\Users\user\.m2\repository\org\springframework\spring-webmvc\5.3.18\spring-webmvc-5.3.18.jar;C:\Users\user\.m2\repository\org\springframework\spring-aop\5.3.18\spring-aop-5.3.18.jar;C:\Users\user\.m2\repository\org\springframework\spring-expression\5.3.18\spring-expression-5.3.18.jar;C:\Users\user\.m2\repository\javax\persistence\javax.persistence-api\2.2\javax.persistence-api-2.2.jar;C:\Users\user\.m2\repository\com\google\firebase\firebase-admin\8.1.0\firebase-admin-8.1.0.jar;C:\Users\user\.m2\repository\com\google\api-client\google-api-client\1.32.1\google-api-client-1.32.1.jar;C:\Users\user\.m2\repository\com\google\oauth-client\google-oauth-client\1.31.5\google-oauth-client-1.31.5.jar;C:\Users\user\.m2\repository\com\google\http-client\google-http-client-gson\1.39.2\google-http-client-gson-1.39.2.jar;C:\Users\user\.m2\repository\com\google\http-client\google-http-client-apache-v2\1.39.2\google-http-client-apache-v2-1.39.2.jar;C:\Users\user\.m2\repository\org\apache\httpcomponents\httpcore\4.4.15\httpcore-4.4.15.jar;C:\Users\user\.m2\repository\org\apache\httpcomponents\httpclient\4.5.13\httpclient-4.5.13.jar;C:\Users\user\.m2\repository\com\google\api-client\google-api-client-gson\1.32.1\google-api-client-gson-1.32.1.jar;C:\Users\user\.m2\repository\com\google\http-client\google-http-client\1.39.2\google-http-client-1.39.2.jar;C:\Users\user\.m2\repository\com\google\code\findbugs\jsr305\3.0.2\jsr305-3.0.2.jar;C:\Users\user\.m2\repository\com\google\j2objc\j2objc-annotations\1.3\j2objc-annotations-1.3.jar;C:\Users\user\.m2\repository\io\opencensus\opencensus-api\0.28.0\opencensus-api-0.28.0.jar;C:\Users\user\.m2\repository\io\opencensus\opencensus-contrib-http-util\0.28.0\opencensus-contrib-http-util-0.28.0.jar;C:\Users\user\.m2\repository\com\google\api\api-common\1.10.4\api-common-1.10.4.jar;C:\Users\user\.m2\repository\javax\annotation\javax.annotation-api\1.3.2\javax.annotation-api-1.3.2.jar;C:\Users\user\.m2\repository\com\google\auto\value\auto-value-annotations\1.8.1\auto-value-annotations-1.8.1.jar;C:\Users\user\.m2\repository\com\google\auth\google-auth-library-oauth2-http\0.26.0\google-auth-library-oauth2-http-0.26.0.jar;C:\Users\user\.m2\repository\com\google\auth\google-auth-library-credentials\0.26.0\google-auth-library-credentials-0.26.0.jar;C:\Users\user\.m2\repository\com\google\cloud\google-cloud-storage\1.118.0\google-cloud-storage-1.118.0.jar;C:\Users\user\.m2\repository\com\google\guava\failureaccess\1.0.1\failureaccess-1.0.1.jar;C:\Users\user\.m2\repository\com\google\guava\listenablefuture\9999.0-empty-to-avoid-conflict-with-guava\listenablefuture-9999.0-empty-to-avoid-conflict-with-guava.jar;C:\Users\user\.m2\repository\org\checkerframework\checker-compat-qual\2.5.5\checker-compat-qual-2.5.5.jar;C:\Users\user\.m2\repository\com\google\errorprone\error_prone_annotations\2.7.1\error_prone_annotations-2.7.1.jar;C:\Users\user\.m2\repository\com\google\http-client\google-http-client-jackson2\1.39.2\google-http-client-jackson2-1.39.2.jar;C:\Users\user\.m2\repository\com\fasterxml\jackson\core\jackson-core\2.13.2\jackson-core-2.13.2.jar;C:\Users\user\.m2\repository\com\google\apis\google-api-services-storage\v1-rev20210127-1.32.1\google-api-services-storage-v1-rev20210127-1.32.1.jar;C:\Users\user\.m2\repository\com\google\cloud\google-cloud-core\1.95.4\google-cloud-core-1.95.4.jar;C:\Users\user\.m2\repository\com\google\api\grpc\proto-google-common-protos\2.3.2\proto-google-common-protos-2.3.2.jar;C:\Users\user\.m2\repository\com\google\cloud\google-cloud-core-http\1.95.4\google-cloud-core-http-1.95.4.jar;C:\Users\user\.m2\repository\com\google\http-client\google-http-client-appengine\1.39.2\google-http-client-appengine-1.39.2.jar;C:\Users\user\.m2\repository\com\google\api\gax-httpjson\0.83.0\gax-httpjson-0.83.0.jar;C:\Users\user\.m2\repository\com\google\api\gax\1.66.0\gax-1.66.0.jar;C:\Users\user\.m2\repository\io\grpc\grpc-context\1.39.0\grpc-context-1.39.0.jar;C:\Users\user\.m2\repository\com\google\api\grpc\proto-google-iam-v1\1.0.14\proto-google-iam-v1-1.0.14.jar;C:\Users\user\.m2\repository\com\google\protobuf\protobuf-java\3.17.3\protobuf-java-3.17.3.jar;C:\Users\user\.m2\repository\com\google\protobuf\protobuf-java-util\3.17.3\protobuf-java-util-3.17.3.jar;C:\Users\user\.m2\repository\org\threeten\threetenbp\1.5.1\threetenbp-1.5.1.jar;C:\Users\user\.m2\repository\com\google\cloud\google-cloud-firestore\2.6.1\google-cloud-firestore-2.6.1.jar;C:\Users\user\.m2\repository\com\google\cloud\google-cloud-core-grpc\1.95.4\google-cloud-core-grpc-1.95.4.jar;C:\Users\user\.m2\repository\io\grpc\grpc-core\1.39.0\grpc-core-1.39.0.jar;C:\Users\user\.m2\repository\com\google\android\annotations\4.1.1.4\annotations-4.1.1.4.jar;C:\Users\user\.m2\repository\org\codehaus\mojo\animal-sniffer-annotations\1.20\animal-sniffer-annotations-1.20.jar;C:\Users\user\.m2\repository\io\perfmark\perfmark-api\0.23.0\perfmark-api-0.23.0.jar;C:\Users\user\.m2\repository\commons-logging\commons-logging\1.2\commons-logging-1.2.jar;C:\Users\user\.m2\repository\commons-codec\commons-codec\1.15\commons-codec-1.15.jar;C:\Users\user\.m2\repository\com\google\api\grpc\proto-google-cloud-firestore-v1\2.6.1\proto-google-cloud-firestore-v1-2.6.1.jar;C:\Users\user\.m2\repository\com\google\cloud\proto-google-cloud-firestore-bundle-v1\2.6.1\proto-google-cloud-firestore-bundle-v1-2.6.1.jar;C:\Users\user\.m2\repository\io\opencensus\opencensus-contrib-grpc-util\0.28.0\opencensus-contrib-grpc-util-0.28.0.jar;C:\Users\user\.m2\repository\io\grpc\grpc-protobuf\1.39.0\grpc-protobuf-1.39.0.jar;C:\Users\user\.m2\repository\io\grpc\grpc-protobuf-lite\1.39.0\grpc-protobuf-lite-1.39.0.jar;C:\Users\user\.m2\repository\io\grpc\grpc-api\1.39.0\grpc-api-1.39.0.jar;C:\Users\user\.m2\repository\com\google\api\gax-grpc\1.66.0\gax-grpc-1.66.0.jar;C:\Users\user\.m2\repository\io\grpc\grpc-auth\1.39.0\grpc-auth-1.39.0.jar;C:\Users\user\.m2\repository\io\grpc\grpc-netty-shaded\1.39.0\grpc-netty-shaded-1.39.0.jar;C:\Users\user\.m2\repository\io\grpc\grpc-alts\1.39.0\grpc-alts-1.39.0.jar;C:\Users\user\.m2\repository\io\grpc\grpc-grpclb\1.39.0\grpc-grpclb-1.39.0.jar;C:\Users\user\.m2\repository\org\conscrypt\conscrypt-openjdk-uber\2.5.1\conscrypt-openjdk-uber-2.5.1.jar;C:\Users\user\.m2\repository\io\grpc\grpc-stub\1.39.0\grpc-stub-1.39.0.jar;C:\Users\user\.m2\repository\com\google\guava\guava\30.1.1-android\guava-30.1.1-android.jar;C:\Users\user\.m2\repository\org\slf4j\slf4j-api\1.7.36\slf4j-api-1.7.36.jar;C:\Users\user\.m2\repository\io\netty\netty-codec-http\4.1.75.Final\netty-codec-http-4.1.75.Final.jar;C:\Users\user\.m2\repository\io\netty\netty-common\4.1.75.Final\netty-common-4.1.75.Final.jar;C:\Users\user\.m2\repository\io\netty\netty-buffer\4.1.75.Final\netty-buffer-4.1.75.Final.jar;C:\Users\user\.m2\repository\io\netty\netty-codec\4.1.75.Final\netty-codec-4.1.75.Final.jar;C:\Users\user\.m2\repository\io\netty\netty-handler\4.1.75.Final\netty-handler-4.1.75.Final.jar;C:\Users\user\.m2\repository\io\netty\netty-resolver\4.1.75.Final\netty-resolver-4.1.75.Final.jar;C:\Users\user\.m2\repository\io\netty\netty-transport\4.1.75.Final\netty-transport-4.1.75.Final.jar;C:\Users\user\.m2\repository\com\google\code\gson\gson\2.9.0\gson-2.9.0.jar;"/>
    <property name="sun.cpu.endian" value="little"/>
    <property name="user.home" value="C:\Users\user"/>
    <property name="user.language" value="en"/>
    <property name="java.specification.vendor" value="Oracle Corporation"/>
    <property name="java.version.date" value="2021-07-20"/>
    <property name="java.home" value="C:\Users\user\AppData\Local\Programs\Eclipse Foundation\jdk-11.0.12.7-hotspot"/>
    <property name="file.separator" value="\"/>
    <property name="basedir" value="D:\documents\polban\sem 2\tugas tekpro\praktik\week 10\crud"/>
    <property name="java.vm.compressedOopsMode" value="Zero based"/>
    <property name="line.separator" value="&#10;"/>
    <property name="java.specification.name" value="Java Platform API Specification"/>
    <property name="java.vm.specification.vendor" value="Oracle Corporation"/>
    <property name="java.awt.graphicsenv" value="sun.awt.Win32GraphicsEnvironment"/>
    <property name="surefire.real.class.path" value="C:\Users\user\AppData\Local\Temp\surefire4009043365859051923\surefirebooter2679930198276654227.jar"/>
    <property name="user.script" value=""/>
    <property name="sun.management.compiler" value="HotSpot 64-Bit Tiered Compilers"/>
    <property name="java.runtime.version" value="11.0.12+7"/>
    <property name="user.name" value="user"/>
    <property name="path.separator" value=";"/>
    <property name="os.version" value="10.0"/>
    <property name="java.runtime.name" value="OpenJDK Runtime Environment"/>
    <property name="file.encoding" value="UTF-8"/>
    <property name="java.vm.name" value="OpenJDK 64-Bit Server VM"/>
    <property name="java.vendor.version" value="Temurin-11.0.12+7"/>
    <property name="maven.ext.class.path" value="C:\Program Files\NetBeans-12.6\netbeans\java\maven-nblib\netbeans-eventspy.jar"/>
    <property name="localRepository" value="C:\Users\user\.m2\repository"/>
    <property name="java.vendor.url.bug" value="https://github.com/adoptium/adoptium-support/issues"/>
    <property name="java.io.tmpdir" value="C:\Users\user\AppData\Local\Temp\"/>
    <property name="java.version" value="11.0.12"/>
    <property name="user.dir" value="D:\documents\polban\sem 2\tugas tekpro\praktik\week 10\crud"/>
    <property name="os.arch" value="amd64"/>
    <property name="java.vm.specification.name" value="Java Virtual Machine Specification"/>
    <property name="java.awt.printerjob" value="sun.awt.windows.WPrinterJob"/>
    <property name="sun.os.patch.level" value=""/>
    <property name="java.library.path" value="C:\Users\user\AppData\Local\Programs\Eclipse Foundation\jdk-11.0.12.7-hotspot\bin;C:\WINDOWS\Sun\Java\bin;C:\WINDOWS\system32;C:\WINDOWS;C:\Program Files\NVIDIA GPU Computing Toolkit\CUDA\v11.6\bin;C:\Program Files\NVIDIA GPU Computing Toolkit\CUDA\v11.6\libnvvp;;C:\Program Files (x86)\Common Files\Oracle\Java\javapath;C:\Program Files (x86)\Common Files\Intel\Shared Libraries\redist\intel64\compiler;C:\Windows\system32;C:\Windows;C:\Windows\System32\Wbem;C:\Windows\System32\WindowsPowerShell\v1.0\;C:\Windows\System32\OpenSSH\;C:\Program Files (x86)\NVIDIA Corporation\PhysX\Common;C:\Program Files\NVIDIA Corporation\NVIDIA NvDLISR;C:\WINDOWS\system32;C:\WINDOWS;C:\WINDOWS\System32\Wbem;C:\WINDOWS\System32\WindowsPowerShell\v1.0\;C:\WINDOWS\System32\OpenSSH\;C:\Program Files (x86)\QuickTime\QTSystem\;C:\Program Files\WireGuard\;C:\Program Files\dotnet\;C:\Program Files\PuTTY\;C:\Program Files\Git\cmd;C:\Program Files\NVIDIA Corporation\Nsight Compute 2022.1.1\;C:\Program Files\CMake\bin;C:\Program Files\Docker\Docker\resources\bin;C:\ProgramData\DockerDesktop\version-bin;C:\WINDOWS\system32;C:\WINDOWS;C:\WINDOWS\System32\Wbem;C:\WINDOWS\System32\WindowsPowerShell\v1.0\;C:\WINDOWS\System32\OpenSSH\;C:\Program Files\nodejs\;C:\Users\user\AppData\Local\Programs\Python\Python310\Scripts\;C:\Users\user\AppData\Local\Programs\Python\Python310\;C:\Users\user\AppData\Local\Programs\Eclipse Foundation\jdk-11.0.12.7-hotspot\bin;C:\Users\user\AppData\Local\Microsoft\WindowsApps;C:\Users\user\AppData\Local\Programs\Microsoft VS Code\bin;C:\msys64\mingw64\bin;C:\Program Files\heroku\bin;C:\platform-tools;C:\ffmpeg\bin;C:\Users\user\AppData\Roaming\npm;."/>
    <property name="java.vm.info" value="mixed mode"/>
    <property name="java.vendor" value="Eclipse Foundation"/>
    <property name="java.vm.version" value="11.0.12+7"/>
    <property name="sun.io.unicode.encoding" value="UnicodeLittle"/>
    <property name="java.class.version" value="55.0"/>
  </properties>
  <testcase name="contextLoads" classname="com.tekpro.crud.CrudApplicationTests" time="0.257"/>
</testsuite>